<?xml version="1.0" encoding="utf-8"?><testsuites name="pytest tests"><testsuite name="pytest" errors="0" failures="0" skipped="8" tests="2293" time="45.171" timestamp="2026-07-27T07:39:12.803994+02:00" hostname="hermesagent"><testcase classname="tests.connectors.bunq.test_bunq_connector.TestBunqConnectorContract" name="test_authenticate_success" time="0.004" /><testcase classname="tests.connectors.bunq.test_bunq_connector.TestBunqConnectorContract" name="test_authenticate_idempotent" time="0.001" /><testcase classname="tests.connectors.bunq.test_bunq_connector.TestBunqConnectorContract" name="test_authenticate_missing_api_key" time="0.048" /><testcase classname="tests.connectors.bunq.test_bunq_connector.TestBunqConnectorContract" name="test_health_returns_health" time="0.001" /><testcase classname="tests.connectors.bunq.test_bunq_connector.TestBunqConnectorContract" name="test_fetch_accounts_returns_list" time="0.002" /><testcase classname="tests.connectors.bunq.test_bunq_connector.TestBunqConnectorContract" name="test_fetch_accounts_idempotent" time="0.002" /><testcase classname="tests.connectors.bunq.test_bunq_connector.TestBunqConnectorContract" name="test_fetch_accounts_not_authenticated" time="0.001" /><testcase classname="tests.connectors.bunq.test_bunq_connector.TestBunqConnectorContract" name="test_fetch_transactions_returns_list" time="0.006" /><testcase classname="tests.connectors.bunq.test_bunq_connector.TestBunqConnectorContract" name="test_fetch_transactions_with_account_filter" time="0.002" /><testcase classname="tests.connectors.bunq.test_bunq_connector.TestBunqConnectorContract" name="test_fetch_transactions_with_limit" time="0.002" /><testcase classname="tests.connectors.bunq.test_bunq_connector.TestBunqConnectorContract" name="test_fetch_transactions_not_authenticated" time="0.001" /><testcase classname="tests.connectors.bunq.test_bunq_connector.TestBunqConnectorContract" name="test_transform_accounts_roundtrip" time="0.001" /><testcase classname="tests.connectors.bunq.test_bunq_connector.TestBunqConnectorContract" name="test_transform_transactions_roundtrip" time="0.001" /><testcase classname="tests.connectors.bunq.test_bunq_connector.TestBunqConnectorContract" name="test_name_is_string" time="0.001" /><testcase classname="tests.connectors.bunq.test_bunq_connector.TestBunqConnectorContract" name="test_display_name" time="0.001" /><testcase classname="tests.connectors.bunq.test_bunq_connector.TestBunqConnectorContract" name="test_sdk_version" time="0.001" /><testcase classname="tests.connectors.bunq.test_bunq_connector.TestBunqConnectorAuth" name="test_authenticate_sets_session_and_user_id" time="0.001" /><testcase classname="tests.connectors.bunq.test_bunq_connector.TestBunqConnectorAuth" name="test_auth_headers_after_authenticate" time="0.001" /><testcase classname="tests.connectors.bunq.test_bunq_connector.TestBunqConnectorAuth" name="test_auth_headers_before_authenticate_raises" time="0.001" /><testcase classname="tests.connectors.bunq.test_bunq_connector.TestBunqConnectorPagination" name="test_paginated_accounts_fetch_all_pages" time="0.002" /><testcase classname="tests.connectors.bunq.test_bunq_connector.TestBunqConnectorPaginationHelpers" name="test_next_page_url_with_future" time="0.000" /><testcase classname="tests.connectors.bunq.test_bunq_connector.TestBunqConnectorPaginationHelpers" name="test_next_page_url_none" time="0.000" /><testcase classname="tests.connectors.bunq.test_bunq_connector.TestBunqConnectorPaginationHelpers" name="test_next_page_url_missing_pagination" time="0.000" /><testcase classname="tests.connectors.bunq.test_bunq_connector.TestBunqTransactionMapping" name="test_map_payment_types" time="0.000" /><testcase classname="tests.connectors.bunq.test_bunq_connector.TestBunqTransactionMapping" name="test_map_payment_types_case_insensitive" time="0.000" /><testcase classname="tests.connectors.bunq.test_bunq_connector.TestBunqTransactionMapping" name="test_map_status" time="0.000" /><testcase classname="tests.connectors.bunq.test_bunq_connector.TestBunqTransactionMapping" name="test_map_status_case_insensitive" time="0.000" /><testcase classname="tests.connectors.bunq.test_bunq_connector.TestBunqDatetimeParsing" name="test_parse_full_datetime" time="0.000" /><testcase classname="tests.connectors.bunq.test_bunq_connector.TestBunqDatetimeParsing" name="test_parse_datetime_no_microseconds" time="0.002" /><testcase classname="tests.connectors.bunq.test_bunq_connector.TestBunqDatetimeParsing" name="test_parse_empty_string" time="0.000" /><testcase classname="tests.connectors.bunq.test_bunq_connector.TestBunqConnectorErrorHandling" name="test_rate_limit_error" time="0.001" /><testcase classname="tests.connectors.bunq.test_bunq_connector.TestBunqConnectorErrorHandling" name="test_authentication_error" time="0.001" /><testcase classname="tests.connectors.bunq.test_bunq_connector.TestBunqConnectorErrorHandling" name="test_forbidden_error" time="0.001" /><testcase classname="tests.connectors.bunq.test_bunq_connector.TestBunqConnectorErrorHandling" name="test_server_error" time="0.001" /><testcase classname="tests.connectors.bunq.test_bunq_connector.TestBunqConnectorErrorHandling" name="test_transient_error_on_fetch" time="0.001" /><testcase classname="tests.connectors.bunq.test_bunq_scheduled_cards.TestScheduledPayments" name="test_fetch_scheduled_payments_returns_list" time="0.003" /><testcase classname="tests.connectors.bunq.test_bunq_scheduled_cards.TestScheduledPayments" name="test_fetch_scheduled_payments_with_account_filter" time="0.001" /><testcase classname="tests.connectors.bunq.test_bunq_scheduled_cards.TestScheduledPayments" name="test_fetch_scheduled_payments_not_authenticated" time="0.001" /><testcase classname="tests.connectors.bunq.test_bunq_scheduled_cards.TestScheduledPayments" name="test_transform_scheduled_payments" time="0.002" /><testcase classname="tests.connectors.bunq.test_bunq_scheduled_cards.TestScheduledPayments" name="test_map_schedule_status" time="0.000" /><testcase classname="tests.connectors.bunq.test_bunq_scheduled_cards.TestCardTransactions" name="test_fetch_card_transactions_returns_list" time="0.002" /><testcase classname="tests.connectors.bunq.test_bunq_scheduled_cards.TestCardTransactions" name="test_fetch_card_transactions_with_limit" time="0.002" /><testcase classname="tests.connectors.bunq.test_bunq_scheduled_cards.TestCardTransactions" name="test_fetch_card_transactions_since_filter" time="0.002" /><testcase classname="tests.connectors.bunq.test_bunq_scheduled_cards.TestCardTransactions" name="test_fetch_card_transactions_not_authenticated" time="0.001" /><testcase classname="tests.connectors.bunq.test_bunq_scheduled_cards.TestCardTransactions" name="test_transform_card_transactions" time="0.002" /><testcase classname="tests.connectors.bunq.test_bunq_scheduled_cards.TestCardTransactions" name="test_map_auth_status" time="0.000" /><testcase classname="tests.connectors.bunq.test_bunq_scheduled_cards.TestCardTransactions" name="test_map_card_payment_status" time="0.000" /><testcase classname="tests.connectors.csv_import.test_csv_import_connector.TestCSVImportConnectorContract" name="test_authenticate_success" time="0.003" /><testcase classname="tests.connectors.csv_import.test_csv_import_connector.TestCSVImportConnectorContract" name="test_authenticate_idempotent" time="0.001" /><testcase classname="tests.connectors.csv_import.test_csv_import_connector.TestCSVImportConnectorContract" name="test_authenticate_missing_path" time="0.001" /><testcase classname="tests.connectors.csv_import.test_csv_import_connector.TestCSVImportConnectorContract" name="test_health_returns_health" time="0.001" /><testcase classname="tests.connectors.csv_import.test_csv_import_connector.TestCSVImportConnectorContract" name="test_fetch_accounts_returns_list" time="0.001" /><testcase classname="tests.connectors.csv_import.test_csv_import_connector.TestCSVImportConnectorContract" name="test_fetch_accounts_idempotent" time="0.001" /><testcase classname="tests.connectors.csv_import.test_csv_import_connector.TestCSVImportConnectorContract" name="test_fetch_transactions_returns_list" time="0.002" /><testcase classname="tests.connectors.csv_import.test_csv_import_connector.TestCSVImportConnectorContract" name="test_fetch_transactions_with_since_filter" time="0.001" /><testcase classname="tests.connectors.csv_import.test_csv_import_connector.TestCSVImportConnectorContract" name="test_fetch_transactions_with_limit" time="0.001" /><testcase classname="tests.connectors.csv_import.test_csv_import_connector.TestCSVImportConnectorContract" name="test_transform_accounts_roundtrip" time="0.001" /><testcase classname="tests.connectors.csv_import.test_csv_import_connector.TestCSVImportConnectorContract" name="test_transform_transactions_roundtrip" time="0.001" /><testcase classname="tests.connectors.csv_import.test_csv_import_connector.TestCSVImportConnectorContract" name="test_name_is_string" time="0.001" /><testcase classname="tests.connectors.csv_import.test_csv_import_connector.TestCSVImportConnectorContract" name="test_display_name" time="0.001" /><testcase classname="tests.connectors.manual_expense.test_manual_expense_connector.TestManualExpenseConnectorContract" name="test_authenticate_success" time="0.002" /><testcase classname="tests.connectors.manual_expense.test_manual_expense_connector.TestManualExpenseConnectorContract" name="test_authenticate_idempotent" time="0.001" /><testcase classname="tests.connectors.manual_expense.test_manual_expense_connector.TestManualExpenseConnectorContract" name="test_health_returns_health" time="0.001" /><testcase classname="tests.connectors.manual_expense.test_manual_expense_connector.TestManualExpenseConnectorContract" name="test_fetch_accounts_returns_list" time="0.001" /><testcase classname="tests.connectors.manual_expense.test_manual_expense_connector.TestManualExpenseConnectorContract" name="test_fetch_accounts_idempotent" time="0.001" /><testcase classname="tests.connectors.manual_expense.test_manual_expense_connector.TestManualExpenseConnectorContract" name="test_fetch_transactions_returns_list" time="0.001" /><testcase classname="tests.connectors.manual_expense.test_manual_expense_connector.TestManualExpenseConnectorContract" name="test_fetch_transactions_with_since_filter" time="0.001" /><testcase classname="tests.connectors.manual_expense.test_manual_expense_connector.TestManualExpenseConnectorContract" name="test_fetch_transactions_with_limit" time="0.001" /><testcase classname="tests.connectors.manual_expense.test_manual_expense_connector.TestManualExpenseConnectorContract" name="test_transform_accounts_roundtrip" time="0.001" /><testcase classname="tests.connectors.manual_expense.test_manual_expense_connector.TestManualExpenseConnectorContract" name="test_transform_transactions_roundtrip" time="0.001" /><testcase classname="tests.connectors.manual_expense.test_manual_expense_connector.TestManualExpenseConnectorContract" name="test_name_is_string" time="0.001" /><testcase classname="tests.connectors.manual_expense.test_manual_expense_connector.TestManualExpenseConnectorContract" name="test_display_name" time="0.001" /><testcase classname="tests.connectors.plaid_like.test_plaid_like_connector.TestPlaidLikeConnectorContract" name="test_authenticate_success" time="0.002" /><testcase classname="tests.connectors.plaid_like.test_plaid_like_connector.TestPlaidLikeConnectorContract" name="test_authenticate_idempotent" time="0.001" /><testcase classname="tests.connectors.plaid_like.test_plaid_like_connector.TestPlaidLikeConnectorContract" name="test_authenticate_missing_credentials" time="0.001" /><testcase classname="tests.connectors.plaid_like.test_plaid_like_connector.TestPlaidLikeConnectorContract" name="test_health_returns_health" time="0.001" /><testcase classname="tests.connectors.plaid_like.test_plaid_like_connector.TestPlaidLikeConnectorContract" name="test_fetch_accounts_returns_list" time="0.001" /><testcase classname="tests.connectors.plaid_like.test_plaid_like_connector.TestPlaidLikeConnectorContract" name="test_fetch_accounts_idempotent" time="0.001" /><testcase classname="tests.connectors.plaid_like.test_plaid_like_connector.TestPlaidLikeConnectorContract" name="test_fetch_transactions_returns_list" time="0.001" /><testcase classname="tests.connectors.plaid_like.test_plaid_like_connector.TestPlaidLikeConnectorContract" name="test_fetch_transactions_with_account_filter" time="0.001" /><testcase classname="tests.connectors.plaid_like.test_plaid_like_connector.TestPlaidLikeConnectorContract" name="test_fetch_transactions_with_limit" time="0.001" /><testcase classname="tests.connectors.plaid_like.test_plaid_like_connector.TestPlaidLikeConnectorContract" name="test_transform_accounts_with_normalisation" time="0.001" /><testcase classname="tests.connectors.plaid_like.test_plaid_like_connector.TestPlaidLikeConnectorContract" name="test_transform_transactions_roundtrip" time="0.001" /><testcase classname="tests.connectors.plaid_like.test_plaid_like_connector.TestPlaidLikeConnectorContract" name="test_name_is_string" time="0.001" /><testcase classname="tests.connectors.plaid_like.test_plaid_like_connector.TestPlaidLikeConnectorContract" name="test_display_name" time="0.001" /><testcase classname="tests.connectors.test_base.TestConnectorABC" name="test_authenticate_success" time="0.001" /><testcase classname="tests.connectors.test_base.TestConnectorABC" name="test_authenticate_permanent_failure" time="0.001" /><testcase classname="tests.connectors.test_base.TestConnectorABC" name="test_authenticate_transient_failure" time="0.001" /><testcase classname="tests.connectors.test_base.TestConnectorABC" name="test_fetch_accounts" time="0.001" /><testcase classname="tests.connectors.test_base.TestConnectorABC" name="test_fetch_accounts_permanent_failure" time="0.001" /><testcase classname="tests.connectors.test_base.TestConnectorABC" name="test_fetch_transactions_since" time="0.001" /><testcase classname="tests.connectors.test_base.TestConnectorABC" name="test_fetch_transactions_since_no_results" time="0.001" /><testcase classname="tests.connectors.test_base.TestConnectorABC" name="test_fetch_transactions_filter_account" time="0.001" /><testcase classname="tests.connectors.test_base.TestConnectorABC" name="test_fetch_transactions_permanent_failure" time="0.001" /><testcase classname="tests.connectors.test_base.TestConnectorABC" name="test_health_success" time="0.001" /><testcase classname="tests.connectors.test_base.TestConnectorABC" name="test_health_failure" time="0.001" /><testcase classname="tests.connectors.test_base.TestConnectorABC" name="test_transform_accounts" time="0.001" /><testcase classname="tests.connectors.test_base.TestConnectorABC" name="test_transform_transactions" time="0.001" /><testcase classname="tests.connectors.test_base.TestConnectorABC" name="test_transform_transactions_default_type" time="0.001" /><testcase classname="tests.connectors.test_base.TestConnectorABC" name="test_rate_limited_fetch_accounts_with_retry_on_transient" time="0.075" /><testcase classname="tests.connectors.test_models.TestRawAccount" name="test_minimal" time="0.000" /><testcase classname="tests.connectors.test_models.TestRawAccount" name="test_full" time="0.000" /><testcase classname="tests.connectors.test_models.TestRawTransaction" name="test_minimal" time="0.000" /><testcase classname="tests.connectors.test_models.TestRawTransaction" name="test_full" time="0.000" /><testcase classname="tests.connectors.test_models.TestCanonicalAccountData" name="test_minimal" time="0.000" /><testcase classname="tests.connectors.test_models.TestCanonicalTransactionData" name="test_minimal" time="0.000" /><testcase classname="tests.connectors.test_models.TestConnectorConfig" name="test_defaults" time="0.000" /><testcase classname="tests.connectors.test_models.TestConnectorConfig" name="test_with_credentials" time="0.000" /><testcase classname="tests.connectors.test_models.TestConnectorHealth" name="test_healthy" time="0.000" /><testcase classname="tests.connectors.test_models.TestConnectorHealth" name="test_unhealthy" time="0.000" /><testcase classname="tests.connectors.test_rate_limiter.TestRateLimitPolicy" name="test_defaults" time="0.000" /><testcase classname="tests.connectors.test_rate_limiter.TestRateLimitPolicy" name="test_custom" time="0.000" /><testcase classname="tests.connectors.test_rate_limiter.TestRateLimiterAcquire" name="test_no_throttle_when_under_limit" time="0.001" /><testcase classname="tests.connectors.test_rate_limiter.TestRateLimiterAcquire" name="test_disabled_when_max_requests_zero" time="0.001" /><testcase classname="tests.connectors.test_rate_limiter.TestRateLimiterBackoff" name="test_backoff_increases" time="0.000" /><testcase classname="tests.connectors.test_rate_limiter.TestRateLimiterBackoff" name="test_backoff_capped" time="0.000" /><testcase classname="tests.connectors.test_rate_limiter.TestRateLimiterBackoff" name="test_jitter_range" time="0.000" /><testcase classname="tests.connectors.test_rate_limiter.TestRateLimiterRetry" name="test_success_on_first_attempt" time="0.001" /><testcase classname="tests.connectors.test_rate_limiter.TestRateLimiterRetry" name="test_retry_on_transient_then_succeed" time="0.030" /><testcase classname="tests.connectors.test_rate_limiter.TestRateLimiterRetry" name="test_exhaust_retries" time="0.032" /><testcase classname="tests.connectors.test_rate_limiter.TestRateLimiterRetry" name="test_does_not_retry_permanent_error" time="0.001" /><testcase classname="tests.connectors.test_rate_limiter.TestRateLimiterRetry" name="test_unknown_error_treated_as_transient" time="0.012" /><testcase classname="tests.connectors.test_registry.TestConnectorRegistryEmpty" name="test_available_empty" time="0.004" /><testcase classname="tests.connectors.test_registry.TestConnectorRegistryEmpty" name="test_len_empty" time="0.003" /><testcase classname="tests.connectors.test_registry.TestConnectorRegistryEmpty" name="test_contains_false" time="0.003" /><testcase classname="tests.connectors.test_registry.TestConnectorRegistryEmpty" name="test_get_connector_empty" time="0.004" /><testcase classname="tests.connectors.test_registry.TestConnectorRegistryWithMock" name="test_register_and_list" time="0.004" /><testcase classname="tests.connectors.test_registry.TestConnectorRegistryWithMock" name="test_get_connector_success" time="0.003" /><testcase classname="tests.connectors.test_registry.TestConnectorRegistryWithMock" name="test_duplicate_register_raises" time="0.001" /><testcase classname="tests.connectors.test_registry.TestConnectorRegistryWithMock" name="test_duplicate_register_with_replace" time="0.003" /><testcase classname="tests.connectors.test_registry.TestConnectorRegistryWithMock" name="test_list_connectors_metadata" time="0.003" /><testcase classname="tests.connectors.test_registry.TestConnectorRegistryWithMock" name="test_get_unknown_connector" time="0.004" /><testcase classname="tests.connectors.test_registry.TestConnectorRegistryWithMock" name="test_reload_clears_programmatic_registrations" time="0.003" /><testcase classname="tests.connectors.test_registry.TestConnectorRegistryRegisterInvalid" name="test_register_non_connector_class" time="0.001" /><testcase classname="tests.connectors.test_registry.TestConnectorRegistryRegisterInvalid" name="test_register_instance" time="0.000" /><testcase classname="tests.connectors.trading212.test_trading212_connector.TestTrading212ConnectorContract" name="test_authenticate_success" time="0.001" /><testcase classname="tests.connectors.trading212.test_trading212_connector.TestTrading212ConnectorContract" name="test_authenticate_idempotent" time="0.001" /><testcase classname="tests.connectors.trading212.test_trading212_connector.TestTrading212ConnectorContract" name="test_authenticate_missing_api_key" time="0.004" /><testcase classname="tests.connectors.trading212.test_trading212_connector.TestTrading212ConnectorContract" name="test_health_returns_health" time="0.001" /><testcase classname="tests.connectors.trading212.test_trading212_connector.TestTrading212ConnectorContract" name="test_fetch_accounts_returns_list" time="0.001" /><testcase classname="tests.connectors.trading212.test_trading212_connector.TestTrading212ConnectorContract" name="test_fetch_accounts_idempotent" time="0.002" /><testcase classname="tests.connectors.trading212.test_trading212_connector.TestTrading212ConnectorContract" name="test_fetch_accounts_not_authenticated" time="0.001" /><testcase classname="tests.connectors.trading212.test_trading212_connector.TestTrading212ConnectorContract" name="test_fetch_portfolio_returns_list" time="0.001" /><testcase classname="tests.connectors.trading212.test_trading212_connector.TestTrading212ConnectorContract" name="test_fetch_portfolio_not_authenticated" time="0.001" /><testcase classname="tests.connectors.trading212.test_trading212_connector.TestTrading212ConnectorContract" name="test_fetch_transactions_returns_list" time="0.004" /><testcase classname="tests.connectors.trading212.test_trading212_connector.TestTrading212ConnectorContract" name="test_fetch_transactions_with_account_filter" time="0.002" /><testcase classname="tests.connectors.trading212.test_trading212_connector.TestTrading212ConnectorContract" name="test_fetch_transactions_with_limit" time="0.002" /><testcase classname="tests.connectors.trading212.test_trading212_connector.TestTrading212ConnectorContract" name="test_fetch_transactions_not_authenticated" time="0.001" /><testcase classname="tests.connectors.trading212.test_trading212_connector.TestTrading212ConnectorContract" name="test_fetch_transactions_contains_orders_and_dividends" time="0.002" /><testcase classname="tests.connectors.trading212.test_trading212_connector.TestTrading212ConnectorContract" name="test_transform_accounts_roundtrip" time="0.001"><skipped type="pytest.skip" message="No sample raw accounts provided">/tmp/finance-sync/tests/connectors/trading212/test_trading212_connector.py:216: No sample raw accounts provided</skipped></testcase><testcase classname="tests.connectors.trading212.test_trading212_connector.TestTrading212ConnectorContract" name="test_transform_transactions_roundtrip" time="0.001" /><testcase classname="tests.connectors.trading212.test_trading212_connector.TestTrading212ConnectorContract" name="test_name_is_string" time="0.001" /><testcase classname="tests.connectors.trading212.test_trading212_connector.TestTrading212ConnectorContract" name="test_display_name" time="0.001" /><testcase classname="tests.connectors.trading212.test_trading212_connector.TestTrading212ConnectorContract" name="test_sdk_version" time="0.001" /><testcase classname="tests.connectors.trading212.test_trading212_connector.TestTrading212ConnectorAuth" name="test_authenticate_sets_account_id_and_currency" time="0.001" /><testcase classname="tests.connectors.trading212.test_trading212_connector.TestTrading212ConnectorPagination" name="test_order_history_pagination" time="0.002" /><testcase classname="tests.connectors.trading212.test_trading212_connector.TestTrading212ConnectorPagination" name="test_transaction_history_pagination" time="0.001" /><testcase classname="tests.connectors.trading212.test_trading212_connector.TestTrading212DatetimeParsing" name="test_parse_full_datetime" time="0.000" /><testcase classname="tests.connectors.trading212.test_trading212_connector.TestTrading212DatetimeParsing" name="test_parse_datetime_no_milliseconds" time="0.002" /><testcase classname="tests.connectors.trading212.test_trading212_connector.TestTrading212DatetimeParsing" name="test_parse_datetime_with_microseconds" time="0.000" /><testcase classname="tests.connectors.trading212.test_trading212_connector.TestTrading212DatetimeParsing" name="test_parse_empty_string" time="0.000" /><testcase classname="tests.connectors.trading212.test_trading212_connector.TestTrading212DatetimeParsing" name="test_parse_none" time="0.000" /><testcase classname="tests.connectors.trading212.test_trading212_connector.TestTrading212OrderParsing" name="test_parse_buy_order" time="0.000" /><testcase classname="tests.connectors.trading212.test_trading212_connector.TestTrading212OrderParsing" name="test_parse_sell_order" time="0.000" /><testcase classname="tests.connectors.trading212.test_trading212_connector.TestTrading212OrderParsing" name="test_parse_pending_order" time="0.000" /><testcase classname="tests.connectors.trading212.test_trading212_connector.TestTrading212OrderParsing" name="test_parse_order_metadata" time="0.000" /><testcase classname="tests.connectors.trading212.test_trading212_connector.TestTrading212CashTransactionParsing" name="test_parse_dividend" time="0.000" /><testcase classname="tests.connectors.trading212.test_trading212_connector.TestTrading212CashTransactionParsing" name="test_parse_deposit" time="0.000" /><testcase classname="tests.connectors.trading212.test_trading212_connector.TestTrading212CashTransactionParsing" name="test_parse_withdrawal" time="0.000" /><testcase classname="tests.connectors.trading212.test_trading212_connector.TestTrading212CashTransactionParsing" name="test_parse_interest" time="0.000" /><testcase classname="tests.connectors.trading212.test_trading212_connector.TestTrading212CashTransactionParsing" name="test_parse_fee" time="0.000" /><testcase classname="tests.connectors.trading212.test_trading212_connector.TestTrading212Mapping" name="test_map_order_sides" time="0.000" /><testcase classname="tests.connectors.trading212.test_trading212_connector.TestTrading212Mapping" name="test_map_order_sides_case_insensitive" time="0.000" /><testcase classname="tests.connectors.trading212.test_trading212_connector.TestTrading212Mapping" name="test_map_order_statuses" time="0.000" /><testcase classname="tests.connectors.trading212.test_trading212_connector.TestTrading212Mapping" name="test_map_order_status_case_insensitive" time="0.000" /><testcase classname="tests.connectors.trading212.test_trading212_connector.TestTrading212Mapping" name="test_map_transaction_types" time="0.000" /><testcase classname="tests.connectors.trading212.test_trading212_connector.TestTrading212Mapping" name="test_map_transaction_types_case_insensitive" time="0.000" /><testcase classname="tests.connectors.trading212.test_trading212_connector.TestTrading212ConnectorErrorHandling" name="test_rate_limit_error" time="0.001" /><testcase classname="tests.connectors.trading212.test_trading212_connector.TestTrading212ConnectorErrorHandling" name="test_authentication_error" time="0.001" /><testcase classname="tests.connectors.trading212.test_trading212_connector.TestTrading212ConnectorErrorHandling" name="test_forbidden_error" time="0.001" /><testcase classname="tests.connectors.trading212.test_trading212_connector.TestTrading212ConnectorErrorHandling" name="test_server_error" time="0.001" /><testcase classname="tests.connectors.trading212.test_trading212_connector.TestTrading212ConnectorErrorHandling" name="test_transient_error_on_fetch" time="0.001" /><testcase classname="tests.connectors.trading212.test_trading212_connector.TestTrading212ConnectorErrorHandling" name="test_account_id_mismatch_returns_empty" time="0.001" /><testcase classname="tests.connectors.ynab.test_ynab_connector.TestYnabConnectorContract" name="test_authenticate_success" time="0.001" /><testcase classname="tests.connectors.ynab.test_ynab_connector.TestYnabConnectorContract" name="test_authenticate_idempotent" time="0.001" /><testcase classname="tests.connectors.ynab.test_ynab_connector.TestYnabConnectorContract" name="test_authenticate_missing_token" time="0.004" /><testcase classname="tests.connectors.ynab.test_ynab_connector.TestYnabConnectorContract" name="test_health_returns_health" time="0.001" /><testcase classname="tests.connectors.ynab.test_ynab_connector.TestYnabConnectorContract" name="test_fetch_accounts_returns_list" time="0.001" /><testcase classname="tests.connectors.ynab.test_ynab_connector.TestYnabConnectorContract" name="test_fetch_accounts_idempotent" time="0.001" /><testcase classname="tests.connectors.ynab.test_ynab_connector.TestYnabConnectorContract" name="test_fetch_accounts_not_authenticated" time="0.001" /><testcase classname="tests.connectors.ynab.test_ynab_connector.TestYnabConnectorContract" name="test_fetch_transactions_returns_list" time="0.001" /><testcase classname="tests.connectors.ynab.test_ynab_connector.TestYnabConnectorContract" name="test_fetch_transactions_with_account_filter" time="0.001" /><testcase classname="tests.connectors.ynab.test_ynab_connector.TestYnabConnectorContract" name="test_fetch_transactions_with_limit" time="0.001" /><testcase classname="tests.connectors.ynab.test_ynab_connector.TestYnabConnectorContract" name="test_fetch_transactions_not_authenticated" time="0.001" /><testcase classname="tests.connectors.ynab.test_ynab_connector.TestYnabConnectorContract" name="test_transform_accounts_roundtrip" time="0.004" /><testcase classname="tests.connectors.ynab.test_ynab_connector.TestYnabConnectorContract" name="test_transform_transactions_roundtrip" time="0.004" /><testcase classname="tests.connectors.ynab.test_ynab_connector.TestYnabConnectorContract" name="test_name_is_string" time="0.001" /><testcase classname="tests.connectors.ynab.test_ynab_connector.TestYnabConnectorContract" name="test_display_name" time="0.001" /><testcase classname="tests.connectors.ynab.test_ynab_connector.TestYnabConnectorContract" name="test_sdk_version" time="0.001" /><testcase classname="tests.connectors.ynab.test_ynab_connector.TestYnabConnectorAuth" name="test_authenticate_sets_budget_ids" time="0.001" /><testcase classname="tests.connectors.ynab.test_ynab_connector.TestYnabConnectorAuth" name="test_authenticate_no_budget_filter" time="0.001" /><testcase classname="tests.connectors.ynab.test_ynab_connector.TestYnabTransactionMapping" name="test_map_category_to_type_income" time="0.000" /><testcase classname="tests.connectors.ynab.test_ynab_connector.TestYnabTransactionMapping" name="test_map_category_to_type_fees" time="0.000" /><testcase classname="tests.connectors.ynab.test_ynab_connector.TestYnabTransactionMapping" name="test_map_category_to_type_interest" time="0.000" /><testcase classname="tests.connectors.ynab.test_ynab_connector.TestYnabTransactionMapping" name="test_map_category_to_type_transfer" time="0.000" /><testcase classname="tests.connectors.ynab.test_ynab_connector.TestYnabTransactionMapping" name="test_map_category_to_type_default" time="0.000" /><testcase classname="tests.connectors.ynab.test_ynab_connector.TestYnabTransactionMapping" name="test_parse_ynab_date" time="0.000" /><testcase classname="tests.connectors.ynab.test_ynab_connector.TestYnabTransactionMapping" name="test_parse_ynab_date_empty" time="0.000" /><testcase classname="tests.connectors.ynab.test_ynab_connector.TestYnabTransactionMapping" name="test_transaction_amount_sign_inversion" time="0.003" /><testcase classname="tests.connectors.ynab.test_ynab_connector.TestYnabConnectorErrorHandling" name="test_rate_limit_error" time="0.001" /><testcase classname="tests.connectors.ynab.test_ynab_connector.TestYnabConnectorErrorHandling" name="test_authentication_error" time="0.001" /><testcase classname="tests.enrichment.test_enrichment_status.TestEnrichmentStatusEndpoint" name="test_endpoint_registered" time="0.001" /><testcase classname="tests.enrichment.test_enrichment_status.TestEnrichmentStatusEndpoint" name="test_endpoint_method" time="0.001" /><testcase classname="tests.enrichment.test_enrichment_status.TestEnrichmentStatusEndpoint" name="test_status_summary_model" time="0.001" /><testcase classname="tests.enrichment.test_fundamentals_enrichment.TestFundamentalObservationData" name="test_minimal_construction" time="0.000" /><testcase classname="tests.enrichment.test_fundamentals_enrichment.TestFundamentalObservationData" name="test_full_construction" time="0.000" /><testcase classname="tests.enrichment.test_fundamentals_enrichment.TestFundamentalObservationData" name="test_serialization" time="0.000" /><testcase classname="tests.enrichment.test_fundamentals_enrichment.TestFundamentalRatioSummary" name="test_construction" time="0.000" /><testcase classname="tests.enrichment.test_fundamentals_enrichment.TestFundamentalRatioSummary" name="test_empty" time="0.000" /><testcase classname="tests.enrichment.test_fundamentals_enrichment.TestSecurityMetadataObservationData" name="test_etf_composition" time="0.000" /><testcase classname="tests.enrichment.test_fundamentals_enrichment.TestSecurityMetadataObservationData" name="test_sector_exposure" time="0.000" /><testcase classname="tests.enrichment.test_fundamentals_enrichment.TestETFModels" name="test_etf_holding" time="0.000" /><testcase classname="tests.enrichment.test_fundamentals_enrichment.TestETFModels" name="test_sector_exposure_dto" time="0.000" /><testcase classname="tests.enrichment.test_fundamentals_enrichment.TestETFModels" name="test_region_exposure" time="0.000" /><testcase classname="tests.enrichment.test_fundamentals_enrichment.TestETFModels" name="test_etf_composition" time="0.000" /><testcase classname="tests.enrichment.test_fundamentals_enrichment.TestGatewayFundamentals" name="test_not_degraded" time="0.001" /><testcase classname="tests.enrichment.test_fundamentals_enrichment.TestGatewayFundamentals" name="test_get_fundamentals_success" time="0.002" /><testcase classname="tests.enrichment.test_fundamentals_enrichment.TestGatewayFundamentals" name="test_get_fundamentals_degraded" time="0.001" /><testcase classname="tests.enrichment.test_fundamentals_enrichment.TestGatewayFundamentals" name="test_get_fundamentals_not_found" time="0.002" /><testcase classname="tests.enrichment.test_fundamentals_enrichment.TestGatewayFundamentals" name="test_get_fundamentals_timeout" time="0.001" /><testcase classname="tests.enrichment.test_fundamentals_enrichment.TestGatewayETFComposition" name="test_get_etf_composition_success" time="0.002" /><testcase classname="tests.enrichment.test_fundamentals_enrichment.TestGatewayETFComposition" name="test_get_etf_composition_no_holdings" time="0.046" /><testcase classname="tests.enrichment.test_fundamentals_enrichment.TestGatewayETFComposition" name="test_get_etf_composition_snake_case_fields" time="0.002" /><testcase classname="tests.enrichment.test_fundamentals_enrichment.TestGatewayETFComposition" name="test_get_etf_composition_degraded" time="0.001" /><testcase classname="tests.enrichment.test_fundamentals_enrichment.TestMetadataEnricher" name="test_classify_sector_exact" time="0.001" /><testcase classname="tests.enrichment.test_fundamentals_enrichment.TestMetadataEnricher" name="test_classify_sector_case_insensitive" time="0.001" /><testcase classname="tests.enrichment.test_fundamentals_enrichment.TestMetadataEnricher" name="test_classify_sector_keyword_match" time="0.001" /><testcase classname="tests.enrichment.test_fundamentals_enrichment.TestMetadataEnricher" name="test_classify_sector_none" time="0.001" /><testcase classname="tests.enrichment.test_fundamentals_enrichment.TestMetadataEnricher" name="test_classify_sector_unknown" time="0.001" /><testcase classname="tests.enrichment.test_fundamentals_enrichment.TestMetadataEnricher" name="test_classify_sector_exposures" time="0.001" /><testcase classname="tests.enrichment.test_fundamentals_enrichment.TestMetadataEnricher" name="test_classify_sector_exposures_empty" time="0.001" /><testcase classname="tests.enrichment.test_fundamentals_enrichment.TestMetadataEnricher" name="test_classify_sector_exposures_skips_missing" time="0.002" /><testcase classname="tests.enrichment.test_fundamentals_enrichment.TestMetadataEnricher" name="test_enrich_security_stock" time="0.016" /><testcase classname="tests.enrichment.test_fundamentals_enrichment.TestMetadataEnricher" name="test_enrich_security_etf" time="0.003" /><testcase classname="tests.enrichment.test_fundamentals_enrichment.TestMetadataEnricher" name="test_enrich_security_degraded" time="0.002" /><testcase classname="tests.enrichment.test_fundamentals_enrichment.TestMetadataEnricher" name="test_compute_ratio_summary_no_data" time="0.001" /><testcase classname="tests.enrichment.test_fundamentals_enrichment.TestMetadataEnricher" name="test_get_recent_fundamentals" time="0.002" /><testcase classname="tests.enrichment.test_fundamentals_enrichment.TestHelpers" name="test_to_decimal_none" time="0.000" /><testcase classname="tests.enrichment.test_fundamentals_enrichment.TestHelpers" name="test_to_decimal_value" time="0.000" /><testcase classname="tests.enrichment.test_fundamentals_enrichment.TestHelpers" name="test_safe_decimal_none" time="0.000" /><testcase classname="tests.enrichment.test_fundamentals_enrichment.TestHelpers" name="test_safe_decimal_value" time="0.000" /><testcase classname="tests.enrichment.test_fundamentals_enrichment.TestHelpers" name="test_gics_sectors_mapping" time="0.000" /><testcase classname="tests.enrichment.test_gateway.TestSafeDecimal" name="test_none" time="0.000" /><testcase classname="tests.enrichment.test_gateway.TestSafeDecimal" name="test_decimal" time="0.000" /><testcase classname="tests.enrichment.test_gateway.TestSafeDecimal" name="test_float" time="0.000" /><testcase classname="tests.enrichment.test_gateway.TestSafeDecimal" name="test_string" time="0.000" /><testcase classname="tests.enrichment.test_gateway.TestSafeDecimal" name="test_invalid" time="0.000" /><testcase classname="tests.enrichment.test_gateway.TestEnrichmentGatewayDegraded" name="test_is_degraded" time="0.001" /><testcase classname="tests.enrichment.test_gateway.TestEnrichmentGatewayDegraded" name="test_resolve_security_degraded" time="0.001" /><testcase classname="tests.enrichment.test_gateway.TestEnrichmentGatewayDegraded" name="test_get_quote_degraded_fallback" time="0.001" /><testcase classname="tests.enrichment.test_gateway.TestEnrichmentGatewayDegraded" name="test_get_quote_degraded_no_data" time="0.002" /><testcase classname="tests.enrichment.test_gateway.TestEnrichmentGatewayDegraded" name="test_get_historical_prices_degraded" time="0.001" /><testcase classname="tests.enrichment.test_gateway.TestEnrichmentGatewayDegraded" name="test_update_freshness_new" time="0.002" /><testcase classname="tests.enrichment.test_gateway.TestEnrichmentGatewayDegraded" name="test_update_freshness_existing" time="0.002" /><testcase classname="tests.enrichment.test_gateway.TestEnrichmentGatewayDegraded" name="test_close" time="0.001" /><testcase classname="tests.enrichment.test_gateway.TestEnrichmentGatewayDegraded" name="test_close_no_client" time="0.001" /><testcase classname="tests.enrichment.test_gateway.TestEnrichmentGatewayWithApiKey" name="test_not_degraded" time="0.001" /><testcase classname="tests.enrichment.test_gateway.TestEnrichmentGatewayWithApiKey" name="test_resolve_security_api_call" time="0.002" /><testcase classname="tests.enrichment.test_gateway.TestEnrichmentGatewayWithApiKey" name="test_resolve_security_not_found" time="0.003" /><testcase classname="tests.enrichment.test_gateway.TestEnrichmentGatewayWithApiKey" name="test_get_quote_with_api_key" time="0.002" /><testcase classname="tests.enrichment.test_price_store.TestPriceStoreUnit" name="test_store_single_observation" time="0.001" /><testcase classname="tests.enrichment.test_price_store.TestPriceStoreUnit" name="test_store_deduplicates" time="0.001" /><testcase classname="tests.enrichment.test_price_store.TestPriceStoreUnit" name="test_store_empty_list" time="0.001" /><testcase classname="tests.enrichment.test_price_store.TestPriceStoreUnit" name="test_get_latest_price_found" time="0.001" /><testcase classname="tests.enrichment.test_price_store.TestPriceStoreUnit" name="test_get_latest_price_none" time="0.001" /><testcase classname="tests.enrichment.test_price_store.TestPriceStoreUnit" name="test_get_price_history" time="0.002" /><testcase classname="tests.enrichment.test_price_store.TestPriceStoreUnit" name="test_get_price_history_empty" time="0.002" /><testcase classname="tests.enrichment.test_price_store.TestPriceStoreUnit" name="test_has_prices_true" time="0.001" /><testcase classname="tests.enrichment.test_price_store.TestPriceStoreUnit" name="test_has_prices_false" time="0.001" /><testcase classname="tests.enrichment.test_price_store.TestPriceStoreUnit" name="test_count_total_prices" time="0.001" /><testcase classname="tests.enrichment.test_price_store.TestPriceStoreUnit" name="test_count_securities_with_prices" time="0.001" /><testcase classname="tests.enrichment.test_price_store.TestPriceStoreUnit" name="test_prune_intraday_data" time="0.002" /><testcase classname="tests.enrichment.test_price_store.TestPriceStoreUnit" name="test_prune_hourly_data" time="0.001" /><testcase classname="tests.enrichment.test_price_store.TestPriceStoreUnit" name="test_to_observation" time="0.000" /><testcase classname="tests.enrichment.test_price_store.TestPriceStoreUnit" name="test_to_observation_none_values" time="0.000" /><testcase classname="tests.enrichment.test_security_resolver.TestSecurityResolver" name="test_is_trading212_figi_true" time="0.000" /><testcase classname="tests.enrichment.test_security_resolver.TestSecurityResolver" name="test_is_trading212_figi_false" time="0.000" /><testcase classname="tests.enrichment.test_security_resolver.TestSecurityResolver" name="test_strip_trading212_prefix" time="0.000" /><testcase classname="tests.enrichment.test_security_resolver.TestSecurityResolver" name="test_infer_security_type_from_figi" time="0.000" /><testcase classname="tests.enrichment.test_security_resolver.TestSecurityResolver" name="test_infer_security_type_default" time="0.000" /><testcase classname="tests.enrichment.test_security_resolver.TestSecurityResolver" name="test_resolve_by_isin_local_hit" time="0.002" /><testcase classname="tests.enrichment.test_security_resolver.TestSecurityResolver" name="test_resolve_by_isin_local_miss_gateway_hit" time="0.001" /><testcase classname="tests.enrichment.test_security_resolver.TestSecurityResolver" name="test_resolve_by_isin_no_match" time="0.001" /><testcase classname="tests.enrichment.test_security_resolver.TestSecurityResolver" name="test_resolve_from_connector_data_isin" time="0.001" /><testcase classname="tests.enrichment.test_security_resolver.TestSecurityResolver" name="test_resolve_from_connector_data_figi" time="0.001" /><testcase classname="tests.enrichment.test_security_resolver.TestSecurityResolver" name="test_resolve_from_connector_data_unresolved" time="0.002" /><testcase classname="tests.enrichment.test_security_resolver.TestSecurityResolver" name="test_resolve_from_empty_data" time="0.001" /><testcase classname="tests.exporter.test_actual_budget_contract.TestActualBudgetConfig" name="test_config_has_required_fields" time="0.001" /><testcase classname="tests.exporter.test_actual_budget_contract.TestActualBudgetConfig" name="test_config_defaults_sensible" time="0.001" /><testcase classname="tests.exporter.test_actual_budget_contract.TestActualBudgetConfig" name="test_config_from_settings" time="0.001" /><testcase classname="tests.exporter.test_actual_budget_contract.TestActualBudgetResult" name="test_completed_result_attributes" time="0.001" /><testcase classname="tests.exporter.test_actual_budget_contract.TestActualBudgetResult" name="test_failed_result_has_error" time="0.001" /><testcase classname="tests.exporter.test_actual_budget_contract.TestActualBudgetResult" name="test_repr_includes_status" time="0.001" /><testcase classname="tests.exporter.test_actual_budget_contract.TestActualBudgetResult" name="test_zero_counts_acceptable" time="0.001" /><testcase classname="tests.exporter.test_actual_budget_contract.TestABTransactionMapping" name="test_map_returns_dict" time="0.001" /><testcase classname="tests.exporter.test_actual_budget_contract.TestABTransactionMapping" name="test_map_includes_external_ref" time="0.001" /><testcase classname="tests.exporter.test_actual_budget_contract.TestABTransactionMapping" name="test_map_amount_preserved" time="0.001" /><testcase classname="tests.exporter.test_actual_budget_contract.TestABTransactionMapping" name="test_map_description_included" time="0.001" /><testcase classname="tests.exporter.test_actual_budget_contract.TestABTransactionMapping" name="test_map_payment_to_cents" time="0.000" /><testcase classname="tests.exporter.test_actual_budget_contract.TestABTransactionMapping" name="test_map_deposit_to_cents" time="0.000" /><testcase classname="tests.exporter.test_actual_budget_contract.TestABTransactionMapping" name="test_map_includes_imported_id" time="0.000" /><testcase classname="tests.exporter.test_actual_budget_contract.TestABTransactionMapping" name="test_map_fx_in_notes" time="0.000" /><testcase classname="tests.exporter.test_actual_budget_contract.TestABTransactionMapping" name="test_map_pending_not_cleared" time="0.000" /><testcase classname="tests.exporter.test_actual_budget_contract.TestABTransactionMapping" name="test_map_booked_is_cleared" time="0.000" /><testcase classname="tests.exporter.test_actual_budget_contract.TestABTransactionMapping" name="test_map_fee_notes" time="0.000" /><testcase classname="tests.exporter.test_actual_budget_contract.TestABTransactionMapping" name="test_map_interest_notes" time="0.000" /><testcase classname="tests.exporter.test_actual_budget_contract.TestABTransactionMapping" name="test_map_withdrawal_amount" time="0.000" /><testcase classname="tests.exporter.test_actual_budget_contract.TestABTransactionMapping" name="test_map_csv_row_format" time="0.000" /><testcase classname="tests.exporter.test_actual_budget_contract.TestABTransactionMapping" name="test_map_csv_row_amount" time="0.000" /><testcase classname="tests.exporter.test_actual_budget_contract.TestActualBudgetLifecycle" name="test_run_export_no_accounts" time="0.005" /><testcase classname="tests.exporter.test_actual_budget_contract.TestActualBudgetLifecycle" name="test_run_export_with_accounts_no_txns" time="0.003" /><testcase classname="tests.exporter.test_actual_budget_contract.TestActualBudgetLifecycle" name="test_run_export_respects_account_filter" time="0.003" /><testcase classname="tests.exporter.test_actual_budget_contract.TestActualBudgetLifecycle" name="test_run_export_max_transactions" time="0.003" /><testcase classname="tests.exporter.test_actual_budget_contract.TestActualBudgetLifecycle" name="test_run_export_with_transactions" time="0.003" /><testcase classname="tests.exporter.test_actual_budget_contract.TestActualBudgetLifecycle" name="test_run_export_connection_failure" time="0.002" /><testcase classname="tests.exporter.test_actual_budget_contract.TestActualBudgetLifecycle" name="test_run_export_filtered_account_ids" time="0.003" /><testcase classname="tests.exporter.test_actual_budget_contract.TestActualBudgetLifecycle" name="test_max_transactions_limit" time="0.003" /><testcase classname="tests.exporter.test_actual_budget_contract.TestActualBudgetLifecycle" name="test_run_export_no_transactions" time="0.003" /><testcase classname="tests.exporter.test_wealthfolio_client.TestWealthfolioClientConfig" name="test_default_config" time="0.000" /><testcase classname="tests.exporter.test_wealthfolio_client.TestWealthfolioClientConfig" name="test_config_requires_base_url" time="0.000" /><testcase classname="tests.exporter.test_wealthfolio_client.TestWealthfolioClientConfig" name="test_config_requires_password" time="0.000" /><testcase classname="tests.exporter.test_wealthfolio_client.TestWealthfolioClientAuth" name="test_authenticate_success" time="0.005" /><testcase classname="tests.exporter.test_wealthfolio_client.TestWealthfolioClientAuth" name="test_authenticate_failure" time="0.004" /><testcase classname="tests.exporter.test_wealthfolio_client.TestWealthfolioClientAuth" name="test_authenticate_connection_error" time="0.004" /><testcase classname="tests.exporter.test_wealthfolio_client.TestWealthfolioClientAuth" name="test_auth_status_requires_password" time="0.004" /><testcase classname="tests.exporter.test_wealthfolio_client.TestWealthfolioClientImport" name="test_import_activities_success" time="0.004" /><testcase classname="tests.exporter.test_wealthfolio_client.TestWealthfolioClientImport" name="test_import_activities_not_authenticated" time="0.004" /><testcase classname="tests.exporter.test_wealthfolio_client.TestWealthfolioClientImport" name="test_check_import_success" time="0.004" /><testcase classname="tests.exporter.test_wealthfolio_client.TestWealthfolioClientImport" name="test_get_accounts" time="0.004" /><testcase classname="tests.exporter.test_wealthfolio_client.TestWealthfolioClientIntegration" name="test_full_export_and_push" time="0.004" /><testcase classname="tests.exporter.test_wealthfolio_contract.TestWealthfolioConfig" name="test_config_has_required_fields" time="0.001" /><testcase classname="tests.exporter.test_wealthfolio_contract.TestWealthfolioConfig" name="test_config_defaults_sensible" time="0.001" /><testcase classname="tests.exporter.test_wealthfolio_contract.TestWealthfolioConfig" name="test_config_from_settings" time="0.001" /><testcase classname="tests.exporter.test_wealthfolio_contract.TestWealthfolioConfig" name="test_wealthfolio_specific_defaults" time="0.000" /><testcase classname="tests.exporter.test_wealthfolio_contract.TestWealthfolioResult" name="test_completed_result_attributes" time="0.001" /><testcase classname="tests.exporter.test_wealthfolio_contract.TestWealthfolioResult" name="test_failed_result_has_error" time="0.001" /><testcase classname="tests.exporter.test_wealthfolio_contract.TestWealthfolioResult" name="test_repr_includes_status" time="0.001" /><testcase classname="tests.exporter.test_wealthfolio_contract.TestWealthfolioResult" name="test_zero_counts_acceptable" time="0.000" /><testcase classname="tests.exporter.test_wealthfolio_contract.TestWealthfolioResult" name="test_holdings_exported_in_result" time="0.000" /><testcase classname="tests.exporter.test_wealthfolio_contract.TestWealthfolioResult" name="test_csv_files_in_result" time="0.000" /><testcase classname="tests.exporter.test_wealthfolio_contract.TestWFTransactionMapping" name="test_map_returns_dict" time="0.001" /><testcase classname="tests.exporter.test_wealthfolio_contract.TestWFTransactionMapping" name="test_map_includes_external_ref" time="0.001" /><testcase classname="tests.exporter.test_wealthfolio_contract.TestWFTransactionMapping" name="test_map_amount_preserved" time="0.001" /><testcase classname="tests.exporter.test_wealthfolio_contract.TestWFTransactionMapping" name="test_map_description_included" time="0.001" /><testcase classname="tests.exporter.test_wealthfolio_contract.TestWFTransactionMapping" name="test_map_buy_with_security" time="0.000" /><testcase classname="tests.exporter.test_wealthfolio_contract.TestWFTransactionMapping" name="test_map_sell_with_security" time="0.000" /><testcase classname="tests.exporter.test_wealthfolio_contract.TestWFTransactionMapping" name="test_map_deposit" time="0.000" /><testcase classname="tests.exporter.test_wealthfolio_contract.TestWFTransactionMapping" name="test_map_withdrawal" time="0.000" /><testcase classname="tests.exporter.test_wealthfolio_contract.TestWFTransactionMapping" name="test_map_dividend" time="0.000" /><testcase classname="tests.exporter.test_wealthfolio_contract.TestWFTransactionMapping" name="test_map_interest" time="0.000" /><testcase classname="tests.exporter.test_wealthfolio_contract.TestWFTransactionMapping" name="test_map_fee" time="0.000" /><testcase classname="tests.exporter.test_wealthfolio_contract.TestWFTransactionMapping" name="test_map_transfer_in" time="0.000" /><testcase classname="tests.exporter.test_wealthfolio_contract.TestWFTransactionMapping" name="test_map_transfer_out" time="0.000" /><testcase classname="tests.exporter.test_wealthfolio_contract.TestWFTransactionMapping" name="test_map_security_by_isin_when_no_ticker" time="0.000" /><testcase classname="tests.exporter.test_wealthfolio_contract.TestWFTransactionMapping" name="test_map_instrument_type_override" time="0.000" /><testcase classname="tests.exporter.test_wealthfolio_contract.TestWFTransactionMapping" name="test_map_holding_with_security" time="0.000" /><testcase classname="tests.exporter.test_wealthfolio_contract.TestWFTransactionMapping" name="test_map_holding_without_cost_basis" time="0.000" /><testcase classname="tests.exporter.test_wealthfolio_contract.TestWFTransactionMapping" name="test_map_holding_cash" time="0.000" /><testcase classname="tests.exporter.test_wealthfolio_contract.TestWFTransactionMapping" name="test_comment_includes_external_id" time="0.000" /><testcase classname="tests.exporter.test_wealthfolio_contract.TestWFCsvExport" name="test_csv_has_header" time="0.001" /><testcase classname="tests.exporter.test_wealthfolio_contract.TestWFCsvExport" name="test_csv_one_row_per_transaction" time="0.001" /><testcase classname="tests.exporter.test_wealthfolio_contract.TestWFCsvExport" name="test_csv_empty_input" time="0.001" /><testcase classname="tests.exporter.test_wealthfolio_contract.TestWFCsvExport" name="test_holdings_csv_has_header" time="0.001" /><testcase classname="tests.exporter.test_wealthfolio_contract.TestWFCsvExport" name="test_holdings_csv_one_per_holding" time="0.001" /><testcase classname="tests.exporter.test_wealthfolio_contract.TestWFCsvExport" name="test_holdings_csv_empty_input" time="0.001" /><testcase classname="tests.exporter.test_wealthfolio_contract.TestWFCsvExport" name="test_csv_correct_column_order" time="0.000" /><testcase classname="tests.exporter.test_wealthfolio_contract.TestWFCsvExport" name="test_csv_with_security_map" time="0.000" /><testcase classname="tests.exporter.test_wealthfolio_contract.TestWFCsvExport" name="test_holdings_csv_content" time="0.000" /><testcase classname="tests.exporter.test_wealthfolio_contract.TestWFCsvExport" name="test_csv_with_instrument_type_override" time="0.000" /><testcase classname="tests.exporter.test_wealthfolio_contract.TestWealthfolioLifecycle" name="test_run_export_with_accounts_no_txns" time="0.003" /><testcase classname="tests.exporter.test_wealthfolio_contract.TestWealthfolioLifecycle" name="test_run_export_respects_account_filter" time="0.004" /><testcase classname="tests.exporter.test_wealthfolio_contract.TestWealthfolioLifecycle" name="test_run_export_max_transactions" time="0.003" /><testcase classname="tests.exporter.test_wealthfolio_contract.TestWealthfolioLifecycle" name="test_run_export_with_transactions" time="0.003" /><testcase classname="tests.exporter.test_wealthfolio_contract.TestWealthfolioLifecycle" name="test_run_export_with_holdings" time="0.003" /><testcase classname="tests.exporter.test_wealthfolio_contract.TestWealthfolioLifecycle" name="test_run_export_no_accounts" time="0.002" /><testcase classname="tests.exporter.test_wealthfolio_contract.TestWealthfolioLifecycle" name="test_run_export_filtered_account_ids" time="0.003" /><testcase classname="tests.exporter.test_wealthfolio_contract.TestWealthfolioLifecycle" name="test_run_export_no_holdings_when_disabled" time="0.003" /><testcase classname="tests.identity.test_identity_resolution.TestCleanseCurrencyCode" name="test_normalises_to_uppercase" time="0.000" /><testcase classname="tests.identity.test_identity_resolution.TestCleanseCurrencyCode" name="test_keeps_uppercase" time="0.000" /><testcase classname="tests.identity.test_identity_resolution.TestCleanseCurrencyCode" name="test_strips_whitespace" time="0.000" /><testcase classname="tests.identity.test_identity_resolution.TestCleanseCurrencyCode" name="test_rejects_invalid_length" time="0.000" /><testcase classname="tests.identity.test_identity_resolution.TestCleanseCurrencyCode" name="test_rejects_non_alpha" time="0.000" /><testcase classname="tests.identity.test_identity_resolution.TestCleanseCurrencyCode" name="test_handles_none" time="0.000" /><testcase classname="tests.identity.test_identity_resolution.TestCleanseCurrencyCode" name="test_handles_empty_string" time="0.000" /><testcase classname="tests.identity.test_identity_resolution.TestCleanseName" name="test_strips_whitespace" time="0.000" /><testcase classname="tests.identity.test_identity_resolution.TestCleanseName" name="test_collapses_multiple_spaces" time="0.000" /><testcase classname="tests.identity.test_identity_resolution.TestCleanseName" name="test_strips_depositary_suffix" time="0.000" /><testcase classname="tests.identity.test_identity_resolution.TestCleanseName" name="test_strips_registered_shares_suffix" time="0.000" /><testcase classname="tests.identity.test_identity_resolution.TestCleanseName" name="test_strips_common_stock_suffix" time="0.000" /><testcase classname="tests.identity.test_identity_resolution.TestCleanseName" name="test_handles_none" time="0.000" /><testcase classname="tests.identity.test_identity_resolution.TestCleanseName" name="test_handles_empty" time="0.000" /><testcase classname="tests.identity.test_identity_resolution.TestCleanseName" name="test_only_one_suffix_removed" time="0.000" /><testcase classname="tests.identity.test_identity_resolution.TestCleanseTicker" name="test_uppercases" time="0.000" /><testcase classname="tests.identity.test_identity_resolution.TestCleanseTicker" name="test_strips_whitespace" time="0.000" /><testcase classname="tests.identity.test_identity_resolution.TestCleanseTicker" name="test_handles_none" time="0.000" /><testcase classname="tests.identity.test_identity_resolution.TestCleanseTicker" name="test_handles_empty" time="0.000" /><testcase classname="tests.identity.test_identity_resolution.TestApplyAllCleansing" name="test_cleanses_all_fields" time="0.000" /><testcase classname="tests.identity.test_identity_resolution.TestApplyAllCleansing" name="test_uses_description_fallback" time="0.000" /><testcase classname="tests.identity.test_identity_resolution.TestApplyAllCleansing" name="test_uses_symbol_fallback" time="0.000" /><testcase classname="tests.identity.test_identity_resolution.TestApplyAllCleansing" name="test_handles_empty_input" time="0.000" /><testcase classname="tests.identity.test_identity_resolution.TestNameSimilarity" name="test_exact_match" time="0.000" /><testcase classname="tests.identity.test_identity_resolution.TestNameSimilarity" name="test_partial_match" time="0.000" /><testcase classname="tests.identity.test_identity_resolution.TestNameSimilarity" name="test_no_match" time="0.000" /><testcase classname="tests.identity.test_identity_resolution.TestNameSimilarity" name="test_token_order_independent" time="0.000" /><testcase classname="tests.identity.test_identity_resolution.TestNameSimilarity" name="test_with_none" time="0.000" /><testcase classname="tests.identity.test_identity_resolution.TestNameSimilarity" name="test_case_insensitive" time="0.000" /><testcase classname="tests.identity.test_identity_resolution.TestIdentityResolutionService" name="test_stage1_exact_isin_resolves" time="0.002" /><testcase classname="tests.identity.test_identity_resolution.TestIdentityResolutionService" name="test_stage1_no_isin_returns_none" time="0.002" /><testcase classname="tests.identity.test_identity_resolution.TestIdentityResolutionService" name="test_stage1_isin_not_found" time="0.002" /><testcase classname="tests.identity.test_identity_resolution.TestIdentityResolutionService" name="test_stage2_figi_resolves" time="0.002" /><testcase classname="tests.identity.test_identity_resolution.TestIdentityResolutionService" name="test_stage2_ticker_resolves" time="0.002" /><testcase classname="tests.identity.test_identity_resolution.TestIdentityResolutionService" name="test_stage2_no_identifiers" time="0.002" /><testcase classname="tests.identity.test_identity_resolution.TestIdentityResolutionService" name="test_stage3_fuzzy_matches" time="0.003" /><testcase classname="tests.identity.test_identity_resolution.TestIdentityResolutionService" name="test_stage3_no_match_below_threshold" time="0.002" /><testcase classname="tests.identity.test_identity_resolution.TestIdentityResolutionService" name="test_stage3_no_name" time="0.002" /><testcase classname="tests.identity.test_identity_resolution.TestIdentityResolutionService" name="test_stage3_empty_securities_list" time="0.002" /><testcase classname="tests.identity.test_identity_resolution.TestIdentityResolutionService" name="test_stage4_creates_unresolved_record" time="0.002" /><testcase classname="tests.identity.test_identity_resolution.TestIdentityResolutionService" name="test_stage4_updates_existing" time="0.003" /><testcase classname="tests.identity.test_identity_resolution.TestIdentityResolutionService" name="test_full_pipeline_resolves_all_isin" time="0.002" /><testcase classname="tests.identity.test_identity_resolution.TestIdentityResolutionService" name="test_full_pipeline_some_unresolved" time="0.003" /><testcase classname="tests.identity.test_identity_resolution.TestIdentityResolutionService" name="test_manually_resolve_success" time="0.004" /><testcase classname="tests.identity.test_identity_resolution.TestIdentityResolutionService" name="test_manually_resolve_nonexistent" time="0.002" /><testcase classname="tests.identity.test_identity_resolution.TestIdentityResolutionService" name="test_manually_resolve_nonexistent_target" time="0.002" /><testcase classname="tests.identity.test_identity_resolution.TestIdentityResolutionService" name="test_map_and_resolve_creates_if_not_exists" time="0.003" /><testcase classname="tests.identity.test_identity_resolution.TestIdentityResolutionService" name="test_map_and_resolve_uses_existing" time="0.003" /><testcase classname="tests.identity.test_identity_resolution.TestIdentityResolutionService" name="test_get_unresolved_filters_unmapped" time="0.003" /><testcase classname="tests.identity.test_identity_resolution.TestIdentityResolutionService" name="test_get_unresolved_filters_by_provider" time="0.002" /><testcase classname="tests.identity.test_identity_resolution.TestIdentityResolutionService" name="test_get_audit_log_lists_entries" time="0.002" /><testcase classname="tests.identity.test_identity_resolution.TestIdentityResolutionService" name="test_pipeline_handles_empty_input" time="0.002" /><testcase classname="tests.identity.test_identity_resolution.TestIdentityResolutionService" name="test_pipeline_handles_multiple_instruments" time="0.003" /><testcase classname="tests.identity.test_identity_resolution.TestIdentityResolutionService" name="test_stage1_isin_case_normalised" time="0.002" /><testcase classname="tests.identity.test_securities_api.TestListUnresolved" name="test_returns_unresolved_list" time="0.158" /><testcase classname="tests.identity.test_securities_api.TestListUnresolved" name="test_returns_empty_list" time="0.171" /><testcase classname="tests.identity.test_securities_api.TestListUnresolved" name="test_filters_by_provider" time="0.116" /><testcase classname="tests.identity.test_securities_api.TestListAllUnresolved" name="test_includes_resolved" time="0.117" /><testcase classname="tests.identity.test_securities_api.TestResolve" name="test_resolves_successfully" time="0.119" /><testcase classname="tests.identity.test_securities_api.TestResolve" name="test_returns_404_for_nonexistent" time="0.126" /><testcase classname="tests.identity.test_securities_api.TestResolve" name="test_validates_request_body" time="0.184" /><testcase classname="tests.identity.test_securities_api.TestResolve" name="test_accepts_optional_notes" time="0.126" /><testcase classname="tests.identity.test_securities_api.TestMap" name="test_maps_successfully" time="0.121" /><testcase classname="tests.identity.test_securities_api.TestMap" name="test_returns_404_for_missing_target" time="0.118" /><testcase classname="tests.identity.test_securities_api.TestAuditLog" name="test_returns_audit_log" time="0.187" /><testcase classname="tests.identity.test_securities_api.TestAuditLog" name="test_returns_empty_when_no_logs" time="0.113" /><testcase classname="tests.identity.test_securities_api.TestAuditLog" name="test_filters_by_target_security" time="0.114" /><testcase classname="tests.test_actual_budget_exporter.TestExportResult" name="test_construct_and_repr" time="0.000" /><testcase classname="tests.test_actual_budget_exporter.TestExportResult" name="test_failed_result" time="0.000" /><testcase classname="tests.test_actual_budget_exporter.TestActualBudgetExporter" name="test_run_export_no_transactions" time="0.003" /><testcase classname="tests.test_actual_budget_exporter.TestActualBudgetExporter" name="test_run_export_with_account_but_no_txns" time="0.003" /><testcase classname="tests.test_actual_budget_exporter.TestActualBudgetExporter" name="test_run_export_with_transactions" time="0.003" /><testcase classname="tests.test_actual_budget_exporter.TestActualBudgetExporter" name="test_run_export_connection_failure" time="0.002" /><testcase classname="tests.test_actual_budget_exporter.TestActualBudgetExporter" name="test_run_export_filtered_account_ids" time="0.003" /><testcase classname="tests.test_actual_budget_exporter.TestActualBudgetExporter" name="test_max_transactions_limit" time="0.004" /><testcase classname="tests.test_actual_budget_exporter.TestExportDelivery" name="test_update_delivery_creates_new" time="0.002" /><testcase classname="tests.test_actual_budget_exporter.TestExportDelivery" name="test_update_delivery_updates_existing" time="0.002" /><testcase classname="tests.test_actual_budget_exporter.TestExportDelivery" name="test_update_delivery_empty_ids_is_noop" time="0.002" /><testcase classname="tests.test_actual_budget_exporter.TestExportDelivery" name="test_get_delivery_returns_none_when_missing" time="0.002" /><testcase classname="tests.test_actual_budget_exporter.TestExportDelivery" name="test_get_delivery_returns_record" time="0.002" /><testcase classname="tests.test_allocation.TestOpenAPIRegistration" name="test_allocation_endpoint_registered" time="0.609" /><testcase classname="tests.test_allocation.TestOpenAPIRegistration" name="test_allocation_response_schema" time="0.547" /><testcase classname="tests.test_allocation.TestAuthGuards" name="test_unauthenticated_returns_401" time="0.119" /><testcase classname="tests.test_allocation.TestAuthGuards" name="test_bad_token_returns_401" time="0.114" /><testcase classname="tests.test_allocation.TestServiceEdgeCases" name="test_empty_security_ids_returns_empty_sector_map" time="0.001" /><testcase classname="tests.test_allocation.TestServiceEdgeCases" name="test_empty_security_ids_returns_empty_region_map" time="0.001" /><testcase classname="tests.test_allocation.TestServiceEdgeCases" name="test_sector_uses_label_when_available" time="0.003" /><testcase classname="tests.test_allocation.TestServiceEdgeCases" name="test_region_with_industry_from_sector_exposure" time="0.063" /><testcase classname="tests.test_allocation.TestAllocationServiceEmpty" name="test_empty_tenant_returns_zero" time="0.002" /><testcase classname="tests.test_allocation.TestAllocationServiceEmpty" name="test_empty_passes_tenant_filter" time="0.004" /><testcase classname="tests.test_allocation.TestAllocationServiceWithData" name="test_multiple_holdings_asset_class" time="0.004" /><testcase classname="tests.test_allocation.TestAllocationServiceWithData" name="test_account_breakdown" time="0.005" /><testcase classname="tests.test_allocation.TestAllocationServiceWithData" name="test_sector_and_region_unclassified" time="0.004" /><testcase classname="tests.test_allocation.TestAllocationServiceWithData" name="test_passes_tenant_filter" time="0.004" /><testcase classname="tests.test_allocation.TestAllocationServiceWithData" name="test_account_scoping" time="0.004" /><testcase classname="tests.test_allocation.TestAllocationServiceSingleHolding" name="test_single_holding_asset_class" time="0.004" /><testcase classname="tests.test_allocation.TestAllocationServiceSingleHolding" name="test_zero_market_value" time="0.004" /><testcase classname="tests.test_allocation.TestAllocationPercentages" name="test_percentages_sum_to_100" time="0.004" /><testcase classname="tests.test_allocation.TestAllocationFxConversion" name="test_fx_conversion_applied" time="0.005" /><testcase classname="tests.test_allocation.TestAllocationFxConversion" name="test_no_conversion_same_currency" time="0.004" /><testcase classname="tests.test_allocation.TestRegionNormalise" name="test_us_variants_map_to_north_america" time="0.000" /><testcase classname="tests.test_allocation.TestRegionNormalise" name="test_common_european_countries" time="0.000" /><testcase classname="tests.test_allocation.TestRegionNormalise" name="test_asia_pacific_countries" time="0.000" /><testcase classname="tests.test_allocation.TestRegionNormalise" name="test_latin_america" time="0.000" /><testcase classname="tests.test_allocation.TestRegionNormalise" name="test_middle_east_africa" time="0.000" /><testcase classname="tests.test_allocation.TestRegionNormalise" name="test_case_insensitive" time="0.000" /><testcase classname="tests.test_allocation.TestRegionNormalise" name="test_unknown_region_returns_as_is" time="0.000" /><testcase classname="tests.test_allocation.TestRegionNormalise" name="test_trimmed_input" time="0.000" /><testcase classname="tests.test_allocation.TestPickDominantCurrency" name="test_empty_list_returns_eur" time="0.000" /><testcase classname="tests.test_allocation.TestPickDominantCurrency" name="test_single_currency" time="0.000" /><testcase classname="tests.test_allocation.TestPickDominantCurrency" name="test_majority_wins" time="0.000" /><testcase classname="tests.test_allocation.TestPickDominantCurrency" name="test_tie_returns_first_majority" time="0.000" /><testcase classname="tests.test_allocation.TestSectorClassification" name="test_sector_from_metadata_json" time="0.004" /><testcase classname="tests.test_allocation.TestRegionClassification" name="test_region_from_company_profile" time="0.004" /><testcase classname="tests.test_allocation.TestFxConversionEdgeCases" name="test_fx_conversion_returns_none" time="0.004" /><testcase classname="tests.test_app.TestRootEndpoint" name="test_root_returns_ok" time="0.115" /><testcase classname="tests.test_app.TestRootEndpoint" name="test_root_content_type" time="0.118" /><testcase classname="tests.test_app.TestCORS" name="test_cors_headers" time="0.174" /><testcase classname="tests.test_app.TestAppFactory" name="test_custom_settings" time="0.111" /><testcase classname="tests.test_app.TestAppFactory" name="test_debug_mode_by_environment" time="0.112" /><testcase classname="tests.test_app.TestAppFactory" name="test_production_hides_debug" time="0.111" /><testcase classname="tests.test_app.TestAppFactory" name="test_app_title" time="0.112" /><testcase classname="tests.test_app.TestAppFactory" name="test_openapi_schema_present" time="0.614" /><testcase classname="tests.test_auth.TestPasswordHashing" name="test_hash_and_verify" time="0.328" /><testcase classname="tests.test_auth.TestPasswordHashing" name="test_wrong_password_fails" time="0.328" /><testcase classname="tests.test_auth.TestPasswordHashing" name="test_empty_string" time="0.493" /><testcase classname="tests.test_auth.TestJWTTokens" name="test_create_access_token" time="0.007" /><testcase classname="tests.test_auth.TestJWTTokens" name="test_create_refresh_token" time="0.002" /><testcase classname="tests.test_auth.TestJWTTokens" name="test_decode_valid_token" time="0.003" /><testcase classname="tests.test_auth.TestJWTTokens" name="test_decode_refresh_token_type" time="0.002" /><testcase classname="tests.test_auth.TestJWTTokens" name="test_expired_token_raises" time="0.002" /><testcase classname="tests.test_auth.TestJWTTokens" name="test_wrong_secret_fails" time="0.004" /><testcase classname="tests.test_auth.TestAPIKeyGeneration" name="test_generate_returns_tuple" time="0.164" /><testcase classname="tests.test_auth.TestAPIKeyGeneration" name="test_key_prefix_is_first_8_chars" time="0.164" /><testcase classname="tests.test_auth.TestAPIKeyGeneration" name="test_verify_valid_key" time="0.328" /><testcase classname="tests.test_auth.TestAPIKeyGeneration" name="test_verify_wrong_key" time="0.328" /><testcase classname="tests.test_auth.TestAPIKeyGeneration" name="test_unique_keys" time="0.328" /><testcase classname="tests.test_auth.TestCredentialEncryption" name="test_encrypt_decrypt_roundtrip" time="0.003" /><testcase classname="tests.test_auth.TestCredentialEncryption" name="test_missing_key_raises" time="0.003" /><testcase classname="tests.test_auth.TestCredentialEncryption" name="test_wrong_key_fails" time="0.004" /><testcase classname="tests.test_auth.TestCredentialEncryption" name="test_empty_string" time="0.002" /><testcase classname="tests.test_auth.TestUserPermissions" name="test_admin_has_all" time="0.000" /><testcase classname="tests.test_auth.TestUserPermissions" name="test_user_can_read_transactions" time="0.000" /><testcase classname="tests.test_auth.TestUserPermissions" name="test_user_can_write_transactions" time="0.000" /><testcase classname="tests.test_auth.TestUserPermissions" name="test_user_cannot_write_unknown_resource" time="0.000" /><testcase classname="tests.test_auth.TestUserPermissions" name="test_readonly_cannot_write" time="0.000" /><testcase classname="tests.test_auth.TestUserPermissions" name="test_viewer_limited" time="0.000" /><testcase classname="tests.test_auth.TestUserPermissions" name="test_unknown_role_denies" time="0.000" /><testcase classname="tests.test_auth.TestUserPermissions" name="test_role_permissions_are_defined" time="0.000" /><testcase classname="tests.test_auth.TestAPIKeyPermissions" name="test_wildcard_allows_all" time="0.000" /><testcase classname="tests.test_auth.TestAPIKeyPermissions" name="test_specific_permission" time="0.000" /><testcase classname="tests.test_auth.TestAPIKeyPermissions" name="test_resource_wildcard" time="0.000" /><testcase classname="tests.test_auth.TestAPIKeyPermissions" name="test_none_permissions" time="0.000" /><testcase classname="tests.test_auth.TestAPIKeyPermissions" name="test_empty_permissions" time="0.000" /><testcase classname="tests.test_auth.TestAuthEndpoints" name="test_register_missing_fields" time="0.121" /><testcase classname="tests.test_auth.TestAuthEndpoints" name="test_register_short_password" time="0.125" /><testcase classname="tests.test_auth.TestAuthEndpoints" name="test_login_missing_fields" time="0.115" /><testcase classname="tests.test_auth.TestAuthEndpoints" name="test_me_unauthenticated" time="0.184" /><testcase classname="tests.test_auth.TestAuthEndpoints" name="test_refresh_invalid_token" time="0.114" /><testcase classname="tests.test_auth.TestAuthEndpoints" name="test_openapi_has_auth_paths" time="0.554" /><testcase classname="tests.test_auth.TestAuthEndpointsWithDB" name="test_jwt_auth_without_db_raises_sensible_error" time="0.123" /><testcase classname="tests.test_auth.TestAuthEndpointsWithDB" name="test_jwt_validates_token_structure" time="0.185" /><testcase classname="tests.test_auth" name="test_settings_defaults" time="0.002" /><testcase classname="tests.test_auth" name="test_settings_min_secret_key" time="0.003" /><testcase classname="tests.test_cashflow.TestCashflowServiceEmpty" name="test_empty_returns_zero" time="0.002" /><testcase classname="tests.test_cashflow.TestCashflowServiceEmpty" name="test_empty_by_category" time="0.002" /><testcase classname="tests.test_cashflow.TestCashflowServiceEmpty" name="test_empty_by_period" time="0.002" /><testcase classname="tests.test_cashflow.TestCashflowServiceEmpty" name="test_empty_full_report" time="0.002" /><testcase classname="tests.test_cashflow.TestCashflowServiceEmpty" name="test_passes_tenant_filter" time="0.002" /><testcase classname="tests.test_cashflow.TestCashflowServiceEmpty" name="test_passes_tenant_filter_by_category" time="0.002" /><testcase classname="tests.test_cashflow.TestCashflowServiceEmpty" name="test_passes_tenant_filter_by_period" time="0.002" /><testcase classname="tests.test_cashflow.TestCashflowServiceTotals" name="test_computes_correct_inflows_outflows_net" time="0.001" /><testcase classname="tests.test_cashflow.TestCashflowServiceTotals" name="test_net_cashflow_can_be_negative" time="0.001" /><testcase classname="tests.test_cashflow.TestCashflowServiceTotals" name="test_generates_sql_with_tenant_filter" time="0.002" /><testcase classname="tests.test_cashflow.TestCashflowServiceTotals" name="test_generates_sql_with_date_filter" time="0.003" /><testcase classname="tests.test_cashflow.TestCashflowServiceCategory" name="test_returns_all_categories" time="0.001" /><testcase classname="tests.test_cashflow.TestCashflowServiceCategory" name="test_sorts_by_transaction_type" time="0.001" /><testcase classname="tests.test_cashflow.TestCashflowServiceCategory" name="test_sql_includes_group_by" time="0.002" /><testcase classname="tests.test_cashflow.TestCashflowServicePeriod" name="test_returns_period_entries" time="0.001" /><testcase classname="tests.test_cashflow.TestCashflowServicePeriod" name="test_sql_includes_interval" time="0.002" /><testcase classname="tests.test_cashflow.TestCashflowServiceValidation" name="test_raises_on_invalid_date_range" time="0.001" /><testcase classname="tests.test_cashflow.TestCashflowServiceValidation" name="test_valid_date_range_passes" time="0.000" /><testcase classname="tests.test_cashflow.TestCashflowServiceValidation" name="test_none_dates_passes" time="0.000" /><testcase classname="tests.test_cashflow.TestCashflowStaticHelper" name="test_all_positive_amounts" time="0.000" /><testcase classname="tests.test_cashflow.TestCashflowStaticHelper" name="test_all_negative_amounts" time="0.000" /><testcase classname="tests.test_cashflow.TestCashflowStaticHelper" name="test_mixed_amounts" time="0.000" /><testcase classname="tests.test_cashflow.TestCashflowStaticHelper" name="test_empty_list" time="0.000" /><testcase classname="tests.test_cashflow.TestCashflowStaticHelper" name="test_single_zero" time="0.000" /><testcase classname="tests.test_cashflow.TestCashflowSQLGeneration" name="test_calculate_sql_has_tenant_filter" time="0.003" /><testcase classname="tests.test_cashflow.TestCashflowSQLGeneration" name="test_by_category_sql_has_group_by" time="0.002" /><testcase classname="tests.test_cashflow.TestCashflowSQLGeneration" name="test_by_period_sql_has_date_trunc" time="0.003" /><testcase classname="tests.test_cashflow.TestCashflowSQLGeneration" name="test_full_report_combines_three_queries" time="0.002" /><testcase classname="tests.test_cashflow.TestComputeCashflowFunction" name="test_delegates_to_service_calculate" time="0.002" /><testcase classname="tests.test_cashflow.TestComputeCashflowFunction" name="test_returns_cashflow_summary_type" time="0.002" /><testcase classname="tests.test_cashflow.TestComputeCashflowFunction" name="test_uses_default_date_range" time="0.003" /><testcase classname="tests.test_cashflow.TestCashflowAccountFilter" name="test_singular_account_id_generates_equality" time="0.002" /><testcase classname="tests.test_cashflow.TestCashflowAccountFilter" name="test_plural_account_ids_generates_in_clause" time="0.003" /><testcase classname="tests.test_cashflow.TestCashflowAccountFilter" name="test_singular_and_plural_combined" time="0.003" /><testcase classname="tests.test_cashflow.TestCashflowAccountFilter" name="test_no_account_filter_when_both_none" time="0.002" /><testcase classname="tests.test_cashflow.TestCashflowAccountFilter" name="test_account_ids_passed_via_compute_cashflow" time="0.002" /><testcase classname="tests.test_cashflow.TestCashflowAccountFilter" name="test_account_ids_in_by_category" time="0.002" /><testcase classname="tests.test_cashflow.TestCashflowAccountFilter" name="test_account_ids_in_by_period" time="0.002" /><testcase classname="tests.test_cashflow.TestCashflowAccountFilter" name="test_account_ids_in_count_periods" time="0.001" /><testcase classname="tests.test_cashflow.TestCashflowAccountFilter" name="test_account
[...]
test_identical_lists" time="0.001" /><testcase classname="tests.test_sync_reconciliation.TestDetectMissing" name="test_missing_in_b" time="0.001" /><testcase classname="tests.test_sync_reconciliation.TestDetectMissing" name="test_missing_in_a" time="0.001" /><testcase classname="tests.test_sync_reconciliation.TestDetectMissing" name="test_bidirectional_missing" time="0.001" /><testcase classname="tests.test_sync_reconciliation.TestDetectMissing" name="test_fully_disjoint" time="0.000" /><testcase classname="tests.test_sync_reconciliation.TestDetectMissing" name="test_custom_key_function" time="0.001" /><testcase classname="tests.test_sync_reconciliation.TestDetectMissing" name="test_duplicate_keys_in_one_side" time="0.000" /><testcase classname="tests.test_sync_reconciliation.TestDetectMissing" name="test_from_canonical_builder" time="0.000" /><testcase classname="tests.test_sync_reconciliation.TestDetectMissing" name="test_missing_result_properties" time="0.001" /><testcase classname="tests.test_sync_reconciliation.TestDetectMissing" name="test_zero_total_percentages" time="0.000" /><testcase classname="tests.test_sync_reconciliation.TestDetectMissing" name="test_logger_context_labels" time="0.000" /><testcase classname="tests.test_sync_reconciliation.TestDetectDuplicates" name="test_empty_list" time="0.000" /><testcase classname="tests.test_sync_reconciliation.TestDetectDuplicates" name="test_single_transaction" time="0.001" /><testcase classname="tests.test_sync_reconciliation.TestDetectDuplicates" name="test_exact_external_id_duplicate" time="0.001" /><testcase classname="tests.test_sync_reconciliation.TestDetectDuplicates" name="test_exact_duplicate_three_entries" time="0.001" /><testcase classname="tests.test_sync_reconciliation.TestDetectDuplicates" name="test_heuristic_amount_and_date_match" time="0.001" /><testcase classname="tests.test_sync_reconciliation.TestDetectDuplicates" name="test_heuristic_beyond_threshold_skipped" time="0.000" /><testcase classname="tests.test_sync_reconciliation.TestDetectDuplicates" name="test_different_amount_not_flagged" time="0.000" /><testcase classname="tests.test_sync_reconciliation.TestDetectDuplicates" name="test_exact_duplicate_not_also_heuristic" time="0.000" /><testcase classname="tests.test_sync_reconciliation.TestDetectDuplicates" name="test_mixed_duplicates" time="0.001" /><testcase classname="tests.test_sync_reconciliation.TestDetectDuplicates" name="test_duplicate_transaction_dataclass" time="0.000" /><testcase classname="tests.test_sync_reconciliation.TestDetectDuplicates" name="test_heuristic_confidence_cross_provider" time="0.000" /><testcase classname="tests.test_sync_reconciliation.TestDetectDuplicates" name="test_heuristic_confidence_same_provider_same_desc" time="0.000" /><testcase classname="tests.test_sync_reconciliation.TestDetectDuplicates" name="test_heuristic_confidence_same_provider_diff_desc" time="0.000" /><testcase classname="tests.test_sync_reconciliation.TestDetectDuplicates" name="test_heuristic_case_insensitive_description" time="0.000" /><testcase classname="tests.test_sync_reconciliation.TestDetectDuplicates" name="test_both_descriptions_none" time="0.000" /><testcase classname="tests.test_sync_reconciliation.TestDetectDuplicates" name="test_one_description_none" time="0.000" /><testcase classname="tests.test_sync_reconciliation.TestDetectDuplicates" name="test_custom_threshold_hours" time="0.001" /><testcase classname="tests.test_sync_reconciliation.TestDetectDuplicates" name="test_connector_label_in_log" time="0.001" /><testcase classname="tests.test_sync_reconciliation.TestDetectDuplicates" name="test_same_external_id_different_amount_still_exact" time="0.000" /><testcase classname="tests.test_sync_reconciliation.TestSameDescription" name="test_whitespace_insensitive" time="0.000" /><testcase classname="tests.test_sync_reconciliation.TestSameDescription" name="test_unicode_case_insensitive" time="0.000" /><testcase classname="tests.test_sync_reconciliation.TestSameDescription" name="test_empty_vs_none_description" time="0.000" /><testcase classname="tests.test_sync_reconciliation.TestSameDescription" name="test_empty_vs_empty_description" time="0.000" /><testcase classname="tests.test_sync_reconciliation.TestHeuristicConfidence" name="test_cross_provider_same_desc_max_score" time="0.000" /><testcase classname="tests.test_sync_reconciliation.TestHeuristicConfidence" name="test_same_provider_same_desc" time="0.000" /><testcase classname="tests.test_sync_reconciliation.TestHeuristicConfidence" name="test_cross_provider_no_desc" time="0.000" /><testcase classname="tests.test_tax_lots.TestTaxLotModel" name="test_instantiate_open_lot" time="0.000" /><testcase classname="tests.test_tax_lots.TestTaxLotModel" name="test_partially_closed_lot" time="0.000" /><testcase classname="tests.test_tax_lots.TestTaxLotModel" name="test_fully_closed_lot" time="0.000" /><testcase classname="tests.test_tax_lots.TestTaxLotModel" name="test_repr" time="0.000" /><testcase classname="tests.test_tax_lots.TestCreateTaxLots" name="test_create_from_purchase" time="0.002" /><testcase classname="tests.test_tax_lots.TestCreateTaxLots" name="test_create_zero_cost_purchase" time="0.001" /><testcase classname="tests.test_tax_lots.TestMatchSaleToLotsFIFO" name="test_simple_full_sale" time="0.002" /><testcase classname="tests.test_tax_lots.TestMatchSaleToLotsFIFO" name="test_partial_sale_from_lot" time="0.002" /><testcase classname="tests.test_tax_lots.TestMatchSaleToLotsFIFO" name="test_multiple_lots_fifo" time="0.001" /><testcase classname="tests.test_tax_lots.TestMatchSaleToLotsFIFO" name="test_sale_exceeds_open_lots" time="0.002" /><testcase classname="tests.test_tax_lots.TestRealizedPL" name="test_realized_profit" time="0.002" /><testcase classname="tests.test_tax_lots.TestRealizedPL" name="test_realized_loss" time="0.002" /><testcase classname="tests.test_tax_lots.TestWashSaleDetection" name="test_no_wash_sale_no_loss" time="0.001" /><testcase classname="tests.test_tax_lots.TestWashSaleDetection" name="test_wash_sale_detected" time="0.002" /><testcase classname="tests.test_tax_lots.TestWashSaleDetection" name="test_wash_sale_not_a_sale" time="0.001" /><testcase classname="tests.test_tax_lots.TestProcessTransaction" name="test_process_purchase" time="0.001" /><testcase classname="tests.test_tax_lots.TestProcessTransaction" name="test_process_sale_without_open_lots" time="0.001" /><testcase classname="tests.test_tax_lots.TestTaxLotSummary" name="test_empty_summary" time="0.001" /><testcase classname="tests.test_tax_lots.TestTaxLotsAPI" name="test_router_registered" time="0.120" /><testcase classname="tests.test_tax_lots.TestTaxLotsAPI" name="test_list_tax_lots_requires_auth" time="0.128" /><testcase classname="tests.test_tax_lots.TestTaxLotsAPI" name="test_list_tax_lots_with_auth" time="0.118" /><testcase classname="tests.test_tax_lots.TestTaxLotsAPI" name="test_tax_lot_summary_endpoint" time="0.117" /><testcase classname="tests.test_tax_lots.TestTaxLotsAPI" name="test_compute_endpoint_requires_auth" time="0.224" /><testcase classname="tests.test_transaction_mapper.TestCents" name="test_positive_amount" time="0.000" /><testcase classname="tests.test_transaction_mapper.TestCents" name="test_negative_amount" time="0.000" /><testcase classname="tests.test_transaction_mapper.TestCents" name="test_zero" time="0.000" /><testcase classname="tests.test_transaction_mapper.TestCents" name="test_large_amount" time="0.000" /><testcase classname="tests.test_transaction_mapper.TestCents" name="test_no_decimal" time="0.000" /><testcase classname="tests.test_transaction_mapper.TestAsDate" name="test_utc_datetime" time="0.000" /><testcase classname="tests.test_transaction_mapper.TestAsDate" name="test_naive_datetime" time="0.000" /><testcase classname="tests.test_transaction_mapper.TestBuildImportedId" name="test_uses_fs_prefix" time="0.000" /><testcase classname="tests.test_transaction_mapper.TestBuildImportedId" name="test_deterministic" time="0.000" /><testcase classname="tests.test_transaction_mapper.TestBuildPayee" name="test_uses_description" time="0.000" /><testcase classname="tests.test_transaction_mapper.TestBuildPayee" name="test_transfer_type" time="0.000" /><testcase classname="tests.test_transaction_mapper.TestBuildPayee" name="test_no_description_falls_back" time="0.000" /><testcase classname="tests.test_transaction_mapper.TestBuildPayee" name="test_unknown_type_uses_fallback" time="0.000" /><testcase classname="tests.test_transaction_mapper.TestBuildNotes" name="test_basic_transaction_no_fx" time="0.000" /><testcase classname="tests.test_transaction_mapper.TestBuildNotes" name="test_with_fx_conversion" time="0.000" /><testcase classname="tests.test_transaction_mapper.TestBuildNotes" name="test_with_provider_fingerprint" time="0.000" /><testcase classname="tests.test_transaction_mapper.TestBuildNotes" name="test_no_description_returns_none" time="0.000" /><testcase classname="tests.test_transaction_mapper.TestMapTransaction" name="test_basic_mapping" time="0.000" /><testcase classname="tests.test_transaction_mapper.TestMapTransaction" name="test_uncleared_transaction" time="0.000" /><testcase classname="tests.test_transaction_mapper.TestMapTransaction" name="test_positive_amount_inflow" time="0.000" /><testcase classname="tests.test_transaction_mapper.TestMapTransaction" name="test_imported_payee_uses_description" time="0.000" /><testcase classname="tests.test_transaction_mapper.TestMapTransactionToCsvRow" name="test_basic_csv_row" time="0.000" /><testcase classname="tests.test_transaction_mapper.TestMapTransactionToCsvRow" name="test_csv_with_fx_notes" time="0.000" /><testcase classname="tests.test_types.TestCurrencyCode" name="test_accepts_valid_code" time="0.000" /><testcase classname="tests.test_types.TestCurrencyCode" name="test_accepts_uppercase" time="0.000" /><testcase classname="tests.test_types.TestCurrencyCode" name="test_rejects_short_code" time="0.001" /><testcase classname="tests.test_types.TestCurrencyCode" name="test_rejects_long_code" time="0.000" /><testcase classname="tests.test_types.TestCurrencyCode" name="test_rejects_numeric" time="0.000" /><testcase classname="tests.test_types.TestCurrencyCode" name="test_passes_none" time="0.000" /><testcase classname="tests.test_types.TestCurrencyCode" name="test_process_result_value" time="0.000" /><testcase classname="tests.test_types.TestMonetaryAmount" name="test_from_decimal" time="0.000" /><testcase classname="tests.test_types.TestMonetaryAmount" name="test_from_string" time="0.000" /><testcase classname="tests.test_types.TestMonetaryAmount" name="test_from_int" time="0.000" /><testcase classname="tests.test_types.TestMonetaryAmount" name="test_from_float" time="0.000" /><testcase classname="tests.test_types.TestMonetaryAmount" name="test_passes_none" time="0.000" /><testcase classname="tests.test_types.TestMonetaryAmount" name="test_process_result_value" time="0.000" /><testcase classname="tests.test_wealthfolio_exporter.TestWealthfolioConfig" name="test_default_config" time="0.000" /><testcase classname="tests.test_wealthfolio_exporter.TestWealthfolioConfig" name="test_from_settings" time="0.000" /><testcase classname="tests.test_wealthfolio_exporter.TestTransactionMapper" name="test_map_purchase_with_security" time="0.000" /><testcase classname="tests.test_wealthfolio_exporter.TestTransactionMapper" name="test_map_sale_with_security" time="0.000" /><testcase classname="tests.test_wealthfolio_exporter.TestTransactionMapper" name="test_map_deposit" time="0.000" /><testcase classname="tests.test_wealthfolio_exporter.TestTransactionMapper" name="test_map_withdrawal" time="0.000" /><testcase classname="tests.test_wealthfolio_exporter.TestTransactionMapper" name="test_map_dividend" time="0.000" /><testcase classname="tests.test_wealthfolio_exporter.TestTransactionMapper" name="test_map_interest" time="0.000" /><testcase classname="tests.test_wealthfolio_exporter.TestTransactionMapper" name="test_map_fee" time="0.000" /><testcase classname="tests.test_wealthfolio_exporter.TestTransactionMapper" name="test_map_transfer_in" time="0.000" /><testcase classname="tests.test_wealthfolio_exporter.TestTransactionMapper" name="test_map_transfer_out" time="0.000" /><testcase classname="tests.test_wealthfolio_exporter.TestTransactionMapper" name="test_map_security_by_isin_when_no_ticker" time="0.000" /><testcase classname="tests.test_wealthfolio_exporter.TestTransactionMapper" name="test_map_instrument_type_custom_override" time="0.000" /><testcase classname="tests.test_wealthfolio_exporter.TestTransactionMapper" name="test_comment_includes_external_id" time="0.000" /><testcase classname="tests.test_wealthfolio_exporter.TestTransactionMapper" name="test_map_holding_with_security" time="0.001" /><testcase classname="tests.test_wealthfolio_exporter.TestTransactionMapper" name="test_map_holding_without_cost_basis" time="0.000" /><testcase classname="tests.test_wealthfolio_exporter.TestTransactionMapper" name="test_map_holding_cash" time="0.000" /><testcase classname="tests.test_wealthfolio_exporter.TestTransactionMapper" name="test_map_transactions_to_csv_content" time="0.001" /><testcase classname="tests.test_wealthfolio_exporter.TestTransactionMapper" name="test_map_transactions_to_csv_empty" time="0.000" /><testcase classname="tests.test_wealthfolio_exporter.TestTransactionMapper" name="test_map_holdings_to_csv_content" time="0.000" /><testcase classname="tests.test_wealthfolio_exporter.TestTransactionMapper" name="test_map_holdings_to_csv_empty" time="0.000" /><testcase classname="tests.test_wealthfolio_exporter.TestWealthfolioExportResult" name="test_construct_and_repr" time="0.000" /><testcase classname="tests.test_wealthfolio_exporter.TestWealthfolioExportResult" name="test_failed_result" time="0.000" /><testcase classname="tests.test_wealthfolio_exporter.TestWealthfolioExporter" name="test_run_export_no_accounts" time="0.003" /><testcase classname="tests.test_wealthfolio_exporter.TestWealthfolioExporter" name="test_run_export_with_account_no_txns" time="0.003" /><testcase classname="tests.test_wealthfolio_exporter.TestWealthfolioExporter" name="test_run_export_with_transactions" time="0.004" /><testcase classname="tests.test_wealthfolio_exporter.TestWealthfolioExporter" name="test_run_export_with_holdings" time="0.003" /><testcase classname="tests.test_wealthfolio_exporter.TestWealthfolioExporter" name="test_run_export_filtered_account_ids" time="0.003" /><testcase classname="tests.test_wealthfolio_exporter.TestWealthfolioExporter" name="test_run_export_max_transactions" time="0.004" /><testcase classname="tests.test_wealthfolio_exporter.TestWealthfolioExporter" name="test_run_export_exception_handling" time="0.003" /><testcase classname="tests.test_wealthfolio_exporter.TestWealthfolioExporter" name="test_resolve_wf_account_name" time="0.001" /><testcase classname="tests.test_wealthfolio_exporter.TestWealthfolioExporter" name="test_write_csv_file" time="0.002" /><testcase classname="tests.test_wealthfolio_exporter.TestWealthfolioExporter" name="test_write_manifest" time="0.001" /><testcase classname="tests.test_wealthfolio_exporter.TestWealthfolioExporter" name="test_load_securities" time="0.002" /><testcase classname="tests.test_wealthfolio_exporter.TestWealthfolioExporter" name="test_account_name_override_in_export" time="0.003" /><testcase classname="tests.test_webhooks.TestHMACSigning" name="test_sign_and_verify" time="0.000" /><testcase classname="tests.test_webhooks.TestHMACSigning" name="test_signature_deterministic" time="0.000" /><testcase classname="tests.test_webhooks.TestWebhookCRUD" name="test_create_webhook" time="0.011" /><testcase classname="tests.test_webhooks.TestWebhookCRUD" name="test_create_webhook_with_custom_secret" time="0.015" /><testcase classname="tests.test_webhooks.TestWebhookCRUD" name="test_list_webhooks" time="0.017" /><testcase classname="tests.test_webhooks.TestWebhookCRUD" name="test_list_webhooks_filter_by_event" time="0.020" /><testcase classname="tests.test_webhooks.TestWebhookCRUD" name="test_get_webhook" time="0.015" /><testcase classname="tests.test_webhooks.TestWebhookCRUD" name="test_get_webhook_wrong_tenant" time="0.010" /><testcase classname="tests.test_webhooks.TestWebhookCRUD" name="test_delete_webhook" time="0.010" /><testcase classname="tests.test_webhooks.TestWebhookCRUD" name="test_delete_webhook_wrong_tenant" time="0.010" /><testcase classname="tests.test_webhooks.TestWebhookCRUD" name="test_delete_nonexistent" time="0.012" /><testcase classname="tests.test_webhooks.TestEventDispatch" name="test_dispatch_no_webhooks" time="0.008" /><testcase classname="tests.test_webhooks.TestEventDispatch" name="test_dispatch_with_matching_webhook" time="0.015" /><testcase classname="tests.test_webhooks.TestEventDispatch" name="test_dispatch_filters_by_event_type" time="0.017" /><testcase classname="tests.test_webhooks.TestEventDispatch" name="test_dispatch_creates_signed_payload" time="0.014" /><testcase classname="tests.test_webhooks.TestEventDispatch" name="test_dispatch_ignores_inactive_webhooks" time="0.011" /><testcase classname="tests.test_webhooks.TestDeliveryRetry" name="test_retry_scheduled_on_failure" time="0.021" /><testcase classname="tests.test_webhooks.TestDeliveryRetry" name="test_delivery_log_created" time="0.014" /><testcase classname="tests.test_webhooks.TestRateLimiting" name="test_rate_limiter_allows_under_limit" time="0.000" /><testcase classname="tests.test_webhooks.TestRateLimiting" name="test_rate_limiter_blocks_over_limit" time="0.000" /><testcase classname="tests.test_webhooks.TestRateLimiting" name="test_rate_limiter_per_key" time="0.000" /><testcase classname="tests.test_webhooks.TestOutboxHandler" name="test_handler_calls_dispatch" time="0.014" /><testcase classname="tests.test_webhooks.TestEmitEvent" name="test_emit_event_no_webhooks" time="0.008" /><testcase classname="tests.test_worker.TestJobRunResult" name="test_success_result" time="0.000" /><testcase classname="tests.test_worker.TestJobRunResult" name="test_failure_result" time="0.000" /><testcase classname="tests.test_worker.TestJobHistory" name="test_initial_state" time="0.000" /><testcase classname="tests.test_worker.TestJobHistory" name="test_record_success" time="0.000" /><testcase classname="tests.test_worker.TestJobHistory" name="test_record_failure" time="0.000" /><testcase classname="tests.test_worker.TestJobHistory" name="test_rolling_window" time="0.000" /><testcase classname="tests.test_worker.TestJobHistory" name="test_success_rate_edge_cases" time="0.000" /><testcase classname="tests.test_worker.TestJobMonitor" name="test_record_and_get" time="0.000" /><testcase classname="tests.test_worker.TestJobMonitor" name="test_all_jobs" time="0.000" /><testcase classname="tests.test_worker.TestJobMonitor" name="test_summarize" time="0.000" /><testcase classname="tests.test_worker.TestJobRunContext" name="test_success_path" time="0.001" /><testcase classname="tests.test_worker.TestJobRunContext" name="test_failure_path" time="0.001" /><testcase classname="tests.test_worker.TestRetryWithBackoff" name="test_success_first_attempt" time="0.001" /><testcase classname="tests.test_worker.TestRetryWithBackoff" name="test_retry_then_succeed" time="0.031" /><testcase classname="tests.test_worker.TestRetryWithBackoff" name="test_exhaust_retries" time="0.031" /><testcase classname="tests.test_worker.TestRetryWithBackoff" name="test_single_attempt" time="0.001" /><testcase classname="tests.test_worker.TestWorkerSettings" name="test_default_values" time="0.002" /><testcase classname="tests.test_worker.TestWorkerScheduler" name="test_create_and_start_stop" time="0.054" /><testcase classname="tests.test_worker.TestWorkerScheduler" name="test_job_summary_with_enabled_jobs" time="0.005" /><testcase classname="tests.test_worker.TestWorkerScheduler" name="test_pause_resume" time="0.004" /></testsuite></testsuites>